{
  "RSpec": {
    "coverage": {
      "/Users/rob/Drive/makers/proper/week2/oystercard/spec/journey_log_spec.rb": [
        1,
        null,
        1,
        1,
        4,
        3,
        1,
        1,
        1,
        null,
        1,
        1,
        null,
        1,
        1,
        1,
        4,
        null,
        1,
        1,
        1,
        1,
        null,
        1,
        1,
        1,
        1,
        1,
        null,
        null
      ],
      "/Users/rob/Drive/makers/proper/week2/oystercard/lib/journey_log.rb": [
        1,
        null,
        1,
        null,
        1,
        15,
        15,
        15,
        15,
        null,
        null,
        1,
        4,
        4,
        4,
        4,
        null,
        null,
        1,
        5,
        5,
        null,
        null,
        1,
        5,
        null,
        null,
        1,
        0,
        null,
        null,
        1,
        null,
        1,
        0,
        null,
        null,
        1,
        9,
        9,
        9,
        null,
        null,
        null
      ],
      "/Users/rob/Drive/makers/proper/week2/oystercard/spec/journey_spec.rb": [
        1,
        null,
        1,
        3,
        1,
        1,
        null,
        null,
        1,
        1,
        1,
        1,
        1,
        1,
        null,
        null,
        1,
        1,
        1,
        1,
        1,
        1,
        1,
        null,
        null
      ],
      "/Users/rob/Drive/makers/proper/week2/oystercard/lib/journey.rb": [
        1,
        null,
        1,
        1,
        null,
        1,
        5,
        5,
        null,
        null,
        1,
        null,
        1,
        5,
        null,
        null
      ],
      "/Users/rob/Drive/makers/proper/week2/oystercard/spec/oystercard_spec.rb": [
        1,
        null,
        1,
        9,
        1,
        2,
        1,
        null,
        1,
        1,
        null,
        1,
        1,
        null,
        1,
        1,
        null,
        1,
        1,
        1,
        1,
        1,
        null,
        null,
        1,
        2,
        null,
        null,
        null,
        1,
        1,
        1,
        1,
        1,
        1,
        null,
        null,
        1,
        1,
        1,
        null,
        null,
        1,
        1,
        2,
        null,
        null,
        null,
        null,
        null,
        null
      ],
      "/Users/rob/Drive/makers/proper/week2/oystercard/lib/oystercard.rb": [
        1,
        1,
        1,
        null,
        1,
        1,
        1,
        null,
        1,
        null,
        1,
        13,
        13,
        13,
        null,
        null,
        1,
        8,
        7,
        null,
        null,
        1,
        5,
        4,
        null,
        null,
        1,
        5,
        null,
        null
      ],
      "/Users/rob/Drive/makers/proper/week2/oystercard/lib/station.rb": [
        1,
        null,
        1,
        null,
        null,
        1,
        null,
        1,
        14,
        14,
        null,
        null,
        null,
        null
      ],
      "/Users/rob/Drive/makers/proper/week2/oystercard/spec/station_spec.rb": [
        1,
        null,
        1,
        1,
        1,
        null,
        1,
        1,
        null,
        null
      ]
    },
    "timestamp": 1484124886
  }
}
